<?xml version="1.0" encoding="UTF-8"?>
<!-- Generated by org.testng.reporters.JUnitXMLReporter -->
<testsuite hostname="3FC-VDI282" ignored="0" name="Default test" tests="3" failures="0" timestamp="2020-07-20T13:35:30 IST" time="67.26" errors="0">
  <testcase name="verifyLogin" time="17.433" classname="com.qa.gmail.testcases.LogInTest"/>
  <testcase name="verifyInvalidPassword" time="4.393" classname="com.qa.gmail.testcases.LogInTest"/>
  <testcase name="verifyInvaildUsername" time="0.814" classname="com.qa.gmail.testcases.LogInTest"/>
</testsuite> <!-- Default test -->
