<?xml version="1.0" encoding="UTF-8"?>
<!-- Generated by org.testng.reporters.JUnitXMLReporter -->
<testsuite hostname="3FC-VDI282" ignored="0" name="Gmail Application Test Cases" tests="3" failures="0" timestamp="2020-07-20T15:17:23 IST" time="64.961" errors="0">
  <testcase name="verifyLogin" time="16.994" classname="com.qa.gmail.testcases.LogInTest"/>
  <testcase name="verifyInvalidPassword" time="4.262" classname="com.qa.gmail.testcases.LogInTest"/>
  <testcase name="verifyInvaildUsername" time="1.11" classname="com.qa.gmail.testcases.LogInTest"/>
</testsuite> <!-- Gmail Application Test Cases -->
