<?xml version="1.0" encoding="UTF-8"?>
<testng-results skipped="0" failed="0" ignored="0" total="3" passed="3">
  <reporter-output>
  </reporter-output>
  <suite name="Gmail Application Test" duration-ms="64961" started-at="2020-07-20T15:16:18 IST" finished-at="2020-07-20T15:17:23 IST">
    <groups>
    </groups>
    <test name="Gmail Application Test Cases" duration-ms="64961" started-at="2020-07-20T15:16:18 IST" finished-at="2020-07-20T15:17:23 IST">
      <class name="com.qa.gmail.testcases.LogInTest">
        <test-method status="PASS" signature="runner()[pri:0, instance:com.qa.gmail.testcases.LogInTest@63e2203c]" name="runner" is-config="true" duration-ms="14921" started-at="2020-07-20T15:16:18 IST" finished-at="2020-07-20T15:16:33 IST">
          <reporter-output>
          </reporter-output>
        </test-method> <!-- runner -->
        <test-method status="PASS" signature="verifyLogin()[pri:1, instance:com.qa.gmail.testcases.LogInTest@63e2203c]" name="verifyLogin" duration-ms="16994" started-at="2020-07-20T15:16:33 IST" finished-at="2020-07-20T15:16:50 IST">
          <reporter-output>
          </reporter-output>
        </test-method> <!-- verifyLogin -->
        <test-method status="PASS" signature="close()[pri:0, instance:com.qa.gmail.testcases.LogInTest@63e2203c]" name="close" is-config="true" duration-ms="1031" started-at="2020-07-20T15:16:50 IST" finished-at="2020-07-20T15:16:51 IST">
          <reporter-output>
          </reporter-output>
        </test-method> <!-- close -->
        <test-method status="PASS" signature="runner()[pri:0, instance:com.qa.gmail.testcases.LogInTest@63e2203c]" name="runner" is-config="true" duration-ms="12449" started-at="2020-07-20T15:16:51 IST" finished-at="2020-07-20T15:17:03 IST">
          <reporter-output>
          </reporter-output>
        </test-method> <!-- runner -->
        <test-method status="PASS" signature="verifyInvalidPassword()[pri:2, instance:com.qa.gmail.testcases.LogInTest@63e2203c]" name="verifyInvalidPassword" duration-ms="4262" started-at="2020-07-20T15:17:03 IST" finished-at="2020-07-20T15:17:08 IST">
          <reporter-output>
          </reporter-output>
        </test-method> <!-- verifyInvalidPassword -->
        <test-method status="PASS" signature="close()[pri:0, instance:com.qa.gmail.testcases.LogInTest@63e2203c]" name="close" is-config="true" duration-ms="1137" started-at="2020-07-20T15:17:08 IST" finished-at="2020-07-20T15:17:09 IST">
          <reporter-output>
          </reporter-output>
        </test-method> <!-- close -->
        <test-method status="PASS" signature="runner()[pri:0, instance:com.qa.gmail.testcases.LogInTest@63e2203c]" name="runner" is-config="true" duration-ms="11560" started-at="2020-07-20T15:17:09 IST" finished-at="2020-07-20T15:17:20 IST">
          <reporter-output>
          </reporter-output>
        </test-method> <!-- runner -->
        <test-method status="PASS" signature="verifyInvaildUsername()[pri:3, instance:com.qa.gmail.testcases.LogInTest@63e2203c]" name="verifyInvaildUsername" duration-ms="1110" started-at="2020-07-20T15:17:20 IST" finished-at="2020-07-20T15:17:21 IST">
          <reporter-output>
          </reporter-output>
        </test-method> <!-- verifyInvaildUsername -->
        <test-method status="PASS" signature="close()[pri:0, instance:com.qa.gmail.testcases.LogInTest@63e2203c]" name="close" is-config="true" duration-ms="1425" started-at="2020-07-20T15:17:21 IST" finished-at="2020-07-20T15:17:23 IST">
          <reporter-output>
          </reporter-output>
        </test-method> <!-- close -->
      </class> <!-- com.qa.gmail.testcases.LogInTest -->
    </test> <!-- Gmail Application Test Cases -->
  </suite> <!-- Gmail Application Test -->
</testng-results>
